[     559ms] [ERROR] Failed to load resource: the server responded with a status of 404 () @ https://cbt-algo2-production.up.railway.app/favicon.ico:0
[  900588ms] [ERROR] Failed to load resource: net::ERR_HTTP2_PROTOCOL_ERROR @ https://cbt-algo2-production.up.railway.app/events:0
[ 1803629ms] [ERROR] Failed to load resource: net::ERR_HTTP2_PROTOCOL_ERROR @ https://cbt-algo2-production.up.railway.app/events:0
[ 2706723ms] [ERROR] Failed to load resource: net::ERR_HTTP2_PROTOCOL_ERROR @ https://cbt-algo2-production.up.railway.app/events:0
[ 3609751ms] [ERROR] Failed to load resource: net::ERR_HTTP2_PROTOCOL_ERROR @ https://cbt-algo2-production.up.railway.app/events:0
[ 4512795ms] [ERROR] Failed to load resource: net::ERR_HTTP2_PROTOCOL_ERROR @ https://cbt-algo2-production.up.railway.app/events:0
[ 5415839ms] [ERROR] Failed to load resource: net::ERR_HTTP2_PROTOCOL_ERROR @ https://cbt-algo2-production.up.railway.app/events:0
[ 6318874ms] [ERROR] Failed to load resource: net::ERR_HTTP2_PROTOCOL_ERROR @ https://cbt-algo2-production.up.railway.app/events:0
[ 7221921ms] [ERROR] Failed to load resource: net::ERR_HTTP2_PROTOCOL_ERROR @ https://cbt-algo2-production.up.railway.app/events:0
[ 8125091ms] [ERROR] Failed to load resource: net::ERR_HTTP2_PROTOCOL_ERROR @ https://cbt-algo2-production.up.railway.app/events:0
[ 9028130ms] [ERROR] Failed to load resource: net::ERR_HTTP2_PROTOCOL_ERROR @ https://cbt-algo2-production.up.railway.app/events:0
[ 9931168ms] [ERROR] Failed to load resource: net::ERR_HTTP2_PROTOCOL_ERROR @ https://cbt-algo2-production.up.railway.app/events:0
[10834200ms] [ERROR] Failed to load resource: net::ERR_HTTP2_PROTOCOL_ERROR @ https://cbt-algo2-production.up.railway.app/events:0
[11737242ms] [ERROR] Failed to load resource: net::ERR_HTTP2_PROTOCOL_ERROR @ https://cbt-algo2-production.up.railway.app/events:0
[12640279ms] [ERROR] Failed to load resource: net::ERR_HTTP2_PROTOCOL_ERROR @ https://cbt-algo2-production.up.railway.app/events:0
[13485834ms] [ERROR] Failed to load resource: net::ERR_CONNECTION_RESET @ https://cbt-algo2-production.up.railway.app/events:0
[14337140ms] [ERROR] Failed to load resource: net::ERR_CONNECTION_RESET @ https://cbt-algo2-production.up.railway.app/events:0
[14340510ms] [ERROR] Failed to load resource: net::ERR_NETWORK_CHANGED @ https://cbt-algo2-production.up.railway.app/events:0
[15243663ms] [ERROR] Failed to load resource: net::ERR_HTTP2_PROTOCOL_ERROR @ https://cbt-algo2-production.up.railway.app/events:0
[16146749ms] [ERROR] Failed to load resource: net::ERR_HTTP2_PROTOCOL_ERROR @ https://cbt-algo2-production.up.railway.app/events:0
[17049798ms] [ERROR] Failed to load resource: net::ERR_HTTP2_PROTOCOL_ERROR @ https://cbt-algo2-production.up.railway.app/events:0
[17952841ms] [ERROR] Failed to load resource: net::ERR_HTTP2_PROTOCOL_ERROR @ https://cbt-algo2-production.up.railway.app/events:0
[18855876ms] [ERROR] Failed to load resource: net::ERR_HTTP2_PROTOCOL_ERROR @ https://cbt-algo2-production.up.railway.app/events:0
[19758912ms] [ERROR] Failed to load resource: net::ERR_HTTP2_PROTOCOL_ERROR @ https://cbt-algo2-production.up.railway.app/events:0
[20661947ms] [ERROR] Failed to load resource: net::ERR_HTTP2_PROTOCOL_ERROR @ https://cbt-algo2-production.up.railway.app/events:0
[21564981ms] [ERROR] Failed to load resource: net::ERR_HTTP2_PROTOCOL_ERROR @ https://cbt-algo2-production.up.railway.app/events:0
[22468008ms] [ERROR] Failed to load resource: net::ERR_HTTP2_PROTOCOL_ERROR @ https://cbt-algo2-production.up.railway.app/events:0
[23371164ms] [ERROR] Failed to load resource: net::ERR_HTTP2_PROTOCOL_ERROR @ https://cbt-algo2-production.up.railway.app/events:0
[24273431ms] [ERROR] Failed to load resource: net::ERR_HTTP2_PROTOCOL_ERROR @ https://cbt-algo2-production.up.railway.app/events:0
[25176580ms] [ERROR] Failed to load resource: net::ERR_HTTP2_PROTOCOL_ERROR @ https://cbt-algo2-production.up.railway.app/events:0
[26079619ms] [ERROR] Failed to load resource: net::ERR_HTTP2_PROTOCOL_ERROR @ https://cbt-algo2-production.up.railway.app/events:0
[26982653ms] [ERROR] Failed to load resource: net::ERR_HTTP2_PROTOCOL_ERROR @ https://cbt-algo2-production.up.railway.app/events:0
[27885694ms] [ERROR] Failed to load resource: net::ERR_HTTP2_PROTOCOL_ERROR @ https://cbt-algo2-production.up.railway.app/events:0
[28788727ms] [ERROR] Failed to load resource: net::ERR_HTTP2_PROTOCOL_ERROR @ https://cbt-algo2-production.up.railway.app/events:0
[29691766ms] [ERROR] Failed to load resource: net::ERR_HTTP2_PROTOCOL_ERROR @ https://cbt-algo2-production.up.railway.app/events:0
[30594795ms] [ERROR] Failed to load resource: net::ERR_HTTP2_PROTOCOL_ERROR @ https://cbt-algo2-production.up.railway.app/events:0
[31497824ms] [ERROR] Failed to load resource: net::ERR_HTTP2_PROTOCOL_ERROR @ https://cbt-algo2-production.up.railway.app/events:0
[32400864ms] [ERROR] Failed to load resource: net::ERR_HTTP2_PROTOCOL_ERROR @ https://cbt-algo2-production.up.railway.app/events:0
[33303907ms] [ERROR] Failed to load resource: net::ERR_HTTP2_PROTOCOL_ERROR @ https://cbt-algo2-production.up.railway.app/events:0
[34206951ms] [ERROR] Failed to load resource: net::ERR_HTTP2_PROTOCOL_ERROR @ https://cbt-algo2-production.up.railway.app/events:0
