2026-06-11 19:17:12 [INFO] ============================================================
2026-06-11 19:17:12 [INFO] PC Heartbeat starting up
2026-06-11 19:17:12 [INFO] Monitor URL  : https://pccheck-production.up.railway.app
2026-06-11 19:17:12 [INFO] Interval     : 30 s
2026-06-11 19:17:12 [INFO] Log file     : C:\Users\anura\OneDrive\Desktop\aiTools\CBT\PCcheck\heartbeat.log
2026-06-11 19:17:12 [INFO] ============================================================
2026-06-11 19:17:14 [WARNING] WhatsApp send failed: 401 
2026-06-11 19:17:14 [INFO] Retrying WhatsApp in 10 s…
2026-06-11 19:17:25 [WARNING] WhatsApp send failed: 401 
2026-06-11 19:17:25 [INFO] Ping https://pccheck-production.up.railway.app → OK
2026-06-11 19:17:56 [INFO] Ping https://pccheck-production.up.railway.app → OK
2026-06-11 19:18:26 [INFO] Ping https://pccheck-production.up.railway.app → OK
2026-06-11 19:18:57 [INFO] Ping https://pccheck-production.up.railway.app → OK
2026-06-11 19:19:27 [INFO] Ping https://pccheck-production.up.railway.app → OK
2026-06-11 19:19:58 [INFO] Ping https://pccheck-production.up.railway.app → OK
2026-06-11 19:20:28 [INFO] Ping https://pccheck-production.up.railway.app → OK
2026-06-11 19:20:59 [INFO] Ping https://pccheck-production.up.railway.app → OK
2026-06-11 19:21:29 [INFO] Ping https://pccheck-production.up.railway.app → OK
2026-06-11 19:22:00 [INFO] Ping https://pccheck-production.up.railway.app → OK
2026-06-11 19:22:30 [INFO] Ping https://pccheck-production.up.railway.app → OK
2026-06-11 19:23:01 [INFO] Ping https://pccheck-production.up.railway.app → OK
2026-06-11 19:23:31 [INFO] Ping https://pccheck-production.up.railway.app → OK
2026-06-11 19:24:02 [INFO] Ping https://pccheck-production.up.railway.app → OK
2026-06-11 19:24:33 [INFO] Ping https://pccheck-production.up.railway.app → OK
2026-06-11 19:25:03 [INFO] Ping https://pccheck-production.up.railway.app → OK
2026-06-11 19:25:34 [INFO] Ping https://pccheck-production.up.railway.app → OK
2026-06-11 19:26:05 [INFO] Ping https://pccheck-production.up.railway.app → OK
2026-06-11 19:26:36 [INFO] Ping https://pccheck-production.up.railway.app → OK
2026-06-11 19:27:07 [INFO] Ping https://pccheck-production.up.railway.app → OK
2026-06-11 19:27:38 [INFO] Ping https://pccheck-production.up.railway.app → OK
2026-06-11 19:28:08 [INFO] Ping https://pccheck-production.up.railway.app → OK
2026-06-11 19:28:39 [INFO] Ping https://pccheck-production.up.railway.app → OK
2026-06-11 19:29:09 [INFO] Ping https://pccheck-production.up.railway.app → OK
2026-06-11 19:29:40 [INFO] Ping https://pccheck-production.up.railway.app → OK
2026-06-11 19:30:11 [INFO] Ping https://pccheck-production.up.railway.app → OK
2026-06-11 19:30:42 [INFO] Ping https://pccheck-production.up.railway.app → OK
2026-06-11 19:31:12 [INFO] Ping https://pccheck-production.up.railway.app → OK
2026-06-11 19:31:43 [INFO] Ping https://pccheck-production.up.railway.app → OK
2026-06-11 19:32:14 [INFO] Ping https://pccheck-production.up.railway.app → OK
2026-06-11 19:32:45 [INFO] Ping https://pccheck-production.up.railway.app → OK
2026-06-11 19:33:16 [INFO] Ping https://pccheck-production.up.railway.app → OK
2026-06-11 19:33:47 [INFO] Ping https://pccheck-production.up.railway.app → OK
2026-06-11 19:34:17 [INFO] Ping https://pccheck-production.up.railway.app → OK
2026-06-11 19:34:48 [INFO] Ping https://pccheck-production.up.railway.app → OK
2026-06-11 19:35:18 [INFO] Ping https://pccheck-production.up.railway.app → OK
2026-06-11 19:53:36 [INFO] ============================================================
2026-06-11 19:53:36 [INFO] PC Heartbeat starting up
2026-06-11 19:53:36 [INFO] Monitor URL  : https://pccheck-production.up.railway.app
2026-06-11 19:53:36 [INFO] Interval     : 30 s
2026-06-11 19:53:36 [INFO] Log file     : C:\Users\anura\OneDrive\Desktop\aiTools\CBT\PCcheck\heartbeat.log
2026-06-11 19:53:36 [INFO] ============================================================
2026-06-11 19:53:38 [INFO] WhatsApp sent OK
2026-06-11 19:53:38 [INFO] Ping https://pccheck-production.up.railway.app → OK
2026-06-11 19:54:10 [INFO] Ping https://pccheck-production.up.railway.app → OK
2026-06-11 19:54:40 [INFO] Ping https://pccheck-production.up.railway.app → OK
2026-06-11 19:55:11 [INFO] Ping https://pccheck-production.up.railway.app → OK
2026-06-11 19:55:41 [INFO] Ping https://pccheck-production.up.railway.app → OK
2026-06-11 19:56:12 [INFO] Ping https://pccheck-production.up.railway.app → OK
2026-06-11 19:56:42 [INFO] Ping https://pccheck-production.up.railway.app → OK
2026-06-11 19:57:13 [INFO] Ping https://pccheck-production.up.railway.app → OK
2026-06-11 19:57:43 [INFO] Ping https://pccheck-production.up.railway.app → OK
2026-06-11 19:58:14 [INFO] Ping https://pccheck-production.up.railway.app → OK
2026-06-11 19:58:45 [INFO] Ping https://pccheck-production.up.railway.app → OK
2026-06-11 20:00:57 [INFO] ============================================================
2026-06-11 20:00:57 [INFO] PC Heartbeat starting up
2026-06-11 20:00:57 [INFO] Monitor URL  : https://pccheck-production.up.railway.app
2026-06-11 20:00:57 [INFO] Interval     : 30 s
2026-06-11 20:00:57 [INFO] Log file     : C:\Users\anura\OneDrive\Desktop\aiTools\CBT\PCcheck\heartbeat.log
2026-06-11 20:00:57 [INFO] ============================================================
2026-06-11 20:00:59 [INFO] WhatsApp sent OK
2026-06-11 20:01:00 [INFO] Ping https://pccheck-production.up.railway.app → OK
2026-06-11 20:01:31 [INFO] Ping https://pccheck-production.up.railway.app → OK
2026-06-11 20:02:02 [INFO] Ping https://pccheck-production.up.railway.app → OK
2026-06-11 20:02:33 [INFO] Ping https://pccheck-production.up.railway.app → OK
2026-06-11 20:03:03 [INFO] Ping https://pccheck-production.up.railway.app → OK
2026-06-11 20:03:34 [INFO] Ping https://pccheck-production.up.railway.app → OK
2026-06-11 20:04:04 [INFO] Ping https://pccheck-production.up.railway.app → OK
2026-06-11 20:04:35 [INFO] Ping https://pccheck-production.up.railway.app → OK
2026-06-11 20:05:05 [INFO] Ping https://pccheck-production.up.railway.app → OK
2026-06-11 20:05:36 [INFO] Ping https://pccheck-production.up.railway.app → OK
2026-06-11 20:06:06 [INFO] Ping https://pccheck-production.up.railway.app → OK
2026-06-11 20:06:37 [INFO] Ping https://pccheck-production.up.railway.app → OK
2026-06-11 20:07:07 [INFO] Ping https://pccheck-production.up.railway.app → OK
2026-06-11 20:07:38 [INFO] Ping https://pccheck-production.up.railway.app → OK
2026-06-11 20:08:08 [INFO] Ping https://pccheck-production.up.railway.app → OK
2026-06-11 20:08:39 [INFO] Ping https://pccheck-production.up.railway.app → OK
2026-06-11 20:09:10 [INFO] Ping https://pccheck-production.up.railway.app → OK
2026-06-11 20:09:40 [INFO] Ping https://pccheck-production.up.railway.app → OK
2026-06-11 20:10:11 [INFO] Ping https://pccheck-production.up.railway.app → OK
2026-06-11 20:10:41 [INFO] Ping https://pccheck-production.up.railway.app → OK
2026-06-11 20:11:12 [INFO] Ping https://pccheck-production.up.railway.app → OK
2026-06-11 20:11:43 [INFO] Ping https://pccheck-production.up.railway.app → OK
2026-06-11 20:12:13 [INFO] Ping https://pccheck-production.up.railway.app → OK
2026-06-11 20:12:44 [INFO] Ping https://pccheck-production.up.railway.app → OK
2026-06-11 20:13:14 [INFO] Ping https://pccheck-production.up.railway.app → OK
2026-06-11 20:13:45 [INFO] Ping https://pccheck-production.up.railway.app → OK
2026-06-11 20:14:15 [INFO] Ping https://pccheck-production.up.railway.app → OK
2026-06-11 20:14:46 [INFO] Ping https://pccheck-production.up.railway.app → OK
2026-06-11 20:15:17 [INFO] Ping https://pccheck-production.up.railway.app → OK
2026-06-11 20:15:47 [INFO] Ping https://pccheck-production.up.railway.app → OK
2026-06-11 20:16:18 [INFO] Ping https://pccheck-production.up.railway.app → OK
2026-06-11 20:16:48 [INFO] Ping https://pccheck-production.up.railway.app → OK
2026-06-11 20:17:19 [INFO] Ping https://pccheck-production.up.railway.app → OK
2026-06-11 20:17:49 [INFO] Ping https://pccheck-production.up.railway.app → OK
2026-06-11 20:18:20 [INFO] Ping https://pccheck-production.up.railway.app → OK
2026-06-11 20:18:50 [INFO] Ping https://pccheck-production.up.railway.app → OK
2026-06-11 20:19:21 [INFO] Ping https://pccheck-production.up.railway.app → OK
2026-06-11 20:19:51 [INFO] Ping https://pccheck-production.up.railway.app → OK
2026-06-11 20:20:22 [INFO] Ping https://pccheck-production.up.railway.app → OK
2026-06-11 20:20:52 [INFO] Ping https://pccheck-production.up.railway.app → OK
2026-06-11 20:21:22 [INFO] Ping https://pccheck-production.up.railway.app → OK
2026-06-11 20:21:53 [INFO] Ping https://pccheck-production.up.railway.app → OK
2026-06-11 20:22:24 [INFO] Ping https://pccheck-production.up.railway.app → OK
2026-06-11 20:22:54 [INFO] Ping https://pccheck-production.up.railway.app → OK
2026-06-11 20:23:25 [INFO] Ping https://pccheck-production.up.railway.app → OK
2026-06-11 20:23:55 [INFO] Ping https://pccheck-production.up.railway.app → OK
2026-06-11 20:24:25 [INFO] Ping https://pccheck-production.up.railway.app → OK
2026-06-11 20:24:56 [INFO] Ping https://pccheck-production.up.railway.app → OK
2026-06-11 20:25:26 [INFO] Ping https://pccheck-production.up.railway.app → OK
2026-06-11 20:25:57 [INFO] Ping https://pccheck-production.up.railway.app → OK
2026-06-11 20:26:27 [INFO] Ping https://pccheck-production.up.railway.app → OK
2026-06-11 20:26:58 [INFO] Ping https://pccheck-production.up.railway.app → OK
2026-06-11 20:27:28 [INFO] Ping https://pccheck-production.up.railway.app → OK
2026-06-11 20:27:59 [INFO] Ping https://pccheck-production.up.railway.app → OK
2026-06-11 20:28:29 [INFO] Ping https://pccheck-production.up.railway.app → OK
2026-06-11 20:29:00 [INFO] Ping https://pccheck-production.up.railway.app → OK
2026-06-11 20:29:30 [INFO] Ping https://pccheck-production.up.railway.app → OK
2026-06-11 20:30:01 [INFO] Ping https://pccheck-production.up.railway.app → OK
2026-06-11 20:30:31 [INFO] Ping https://pccheck-production.up.railway.app → OK
2026-06-11 20:31:01 [INFO] Ping https://pccheck-production.up.railway.app → OK
2026-06-11 20:31:32 [INFO] Ping https://pccheck-production.up.railway.app → OK
2026-06-11 20:32:02 [INFO] Ping https://pccheck-production.up.railway.app → OK
2026-06-11 20:32:33 [INFO] Ping https://pccheck-production.up.railway.app → OK
2026-06-11 20:33:03 [INFO] Ping https://pccheck-production.up.railway.app → OK
2026-06-11 20:33:34 [INFO] Ping https://pccheck-production.up.railway.app → OK
2026-06-11 20:34:04 [INFO] Ping https://pccheck-production.up.railway.app → OK
2026-06-11 20:34:35 [INFO] Ping https://pccheck-production.up.railway.app → OK
2026-06-11 20:35:05 [INFO] Ping https://pccheck-production.up.railway.app → OK
2026-06-11 20:35:36 [INFO] Ping https://pccheck-production.up.railway.app → OK
2026-06-11 20:36:06 [INFO] Ping https://pccheck-production.up.railway.app → OK
2026-06-11 20:36:37 [INFO] Ping https://pccheck-production.up.railway.app → OK
2026-06-11 20:37:07 [INFO] Ping https://pccheck-production.up.railway.app → OK
2026-06-11 20:37:38 [INFO] Ping https://pccheck-production.up.railway.app → OK
2026-06-11 20:38:08 [INFO] Ping https://pccheck-production.up.railway.app → OK
2026-06-11 20:38:38 [INFO] Ping https://pccheck-production.up.railway.app → OK
2026-06-11 20:39:09 [INFO] Ping https://pccheck-production.up.railway.app → OK
2026-06-11 20:39:39 [INFO] Ping https://pccheck-production.up.railway.app → OK
2026-06-11 20:40:10 [INFO] Ping https://pccheck-production.up.railway.app → OK
2026-06-11 20:40:40 [INFO] Ping https://pccheck-production.up.railway.app → OK
2026-06-11 20:41:11 [INFO] Ping https://pccheck-production.up.railway.app → OK
2026-06-11 20:41:41 [INFO] Ping https://pccheck-production.up.railway.app → OK
2026-06-11 20:42:12 [INFO] Ping https://pccheck-production.up.railway.app → OK
2026-06-11 20:42:42 [INFO] Ping https://pccheck-production.up.railway.app → OK
2026-06-11 20:43:13 [INFO] Ping https://pccheck-production.up.railway.app → OK
2026-06-11 20:43:43 [INFO] Ping https://pccheck-production.up.railway.app → OK
2026-06-11 20:44:14 [INFO] Ping https://pccheck-production.up.railway.app → OK
2026-06-11 20:44:44 [INFO] Ping https://pccheck-production.up.railway.app → OK
2026-06-11 20:45:15 [INFO] Ping https://pccheck-production.up.railway.app → OK
2026-06-11 20:45:45 [INFO] Ping https://pccheck-production.up.railway.app → OK
2026-06-11 20:46:15 [INFO] Ping https://pccheck-production.up.railway.app → OK
2026-06-11 20:46:46 [INFO] Ping https://pccheck-production.up.railway.app → OK
2026-06-11 20:47:16 [INFO] Ping https://pccheck-production.up.railway.app → OK
2026-06-11 20:47:47 [INFO] Ping https://pccheck-production.up.railway.app → OK
2026-06-11 20:48:17 [INFO] Ping https://pccheck-production.up.railway.app → OK
2026-06-11 20:48:48 [INFO] Ping https://pccheck-production.up.railway.app → OK
2026-06-11 20:49:18 [INFO] Ping https://pccheck-production.up.railway.app → OK
2026-06-11 20:49:49 [INFO] Ping https://pccheck-production.up.railway.app → OK
2026-06-11 20:50:19 [INFO] Ping https://pccheck-production.up.railway.app → OK
2026-06-11 20:50:50 [INFO] Ping https://pccheck-production.up.railway.app → OK
2026-06-11 20:51:20 [INFO] Ping https://pccheck-production.up.railway.app → OK
2026-06-11 20:51:51 [INFO] Ping https://pccheck-production.up.railway.app → OK
2026-06-11 20:52:21 [INFO] Ping https://pccheck-production.up.railway.app → OK
2026-06-11 20:52:52 [INFO] Ping https://pccheck-production.up.railway.app → OK
2026-06-11 20:53:22 [INFO] Ping https://pccheck-production.up.railway.app → OK
2026-06-11 20:53:53 [INFO] Ping https://pccheck-production.up.railway.app → OK
2026-06-11 20:54:23 [INFO] Ping https://pccheck-production.up.railway.app → OK
2026-06-11 20:54:54 [INFO] Ping https://pccheck-production.up.railway.app → OK
2026-06-11 20:55:24 [INFO] Ping https://pccheck-production.up.railway.app → OK
2026-06-11 20:55:55 [INFO] Ping https://pccheck-production.up.railway.app → OK
2026-06-11 20:56:25 [INFO] Ping https://pccheck-production.up.railway.app → OK
2026-06-11 20:56:56 [INFO] Ping https://pccheck-production.up.railway.app → OK
2026-06-11 20:57:26 [INFO] Ping https://pccheck-production.up.railway.app → OK
2026-06-11 20:57:57 [INFO] Ping https://pccheck-production.up.railway.app → OK
2026-06-11 20:58:27 [INFO] Ping https://pccheck-production.up.railway.app → OK
2026-06-11 20:58:58 [INFO] Ping https://pccheck-production.up.railway.app → OK
2026-06-11 20:59:28 [INFO] Ping https://pccheck-production.up.railway.app → OK
2026-06-11 20:59:59 [INFO] Ping https://pccheck-production.up.railway.app → OK
2026-06-11 21:00:29 [INFO] Ping https://pccheck-production.up.railway.app → OK
2026-06-11 21:01:00 [INFO] Ping https://pccheck-production.up.railway.app → OK
2026-06-11 21:01:31 [INFO] Ping https://pccheck-production.up.railway.app → OK
2026-06-11 21:02:02 [INFO] Ping https://pccheck-production.up.railway.app → OK
2026-06-11 21:02:33 [INFO] Ping https://pccheck-production.up.railway.app → OK
2026-06-11 21:03:04 [INFO] Ping https://pccheck-production.up.railway.app → OK
2026-06-11 21:03:34 [INFO] Ping https://pccheck-production.up.railway.app → OK
2026-06-11 21:04:05 [INFO] Ping https://pccheck-production.up.railway.app → OK
2026-06-11 21:04:36 [INFO] Ping https://pccheck-production.up.railway.app → OK
2026-06-11 21:05:07 [INFO] Ping https://pccheck-production.up.railway.app → OK
2026-06-11 21:05:38 [INFO] Ping https://pccheck-production.up.railway.app → OK
2026-06-11 21:06:09 [INFO] Ping https://pccheck-production.up.railway.app → OK
2026-06-11 21:06:40 [INFO] Ping https://pccheck-production.up.railway.app → OK
2026-06-11 21:07:11 [INFO] Ping https://pccheck-production.up.railway.app → OK
2026-06-11 21:07:47 [INFO] Ping https://pccheck-production.up.railway.app → OK
2026-06-11 21:08:18 [INFO] Ping https://pccheck-production.up.railway.app → OK
2026-06-11 21:08:48 [INFO] Ping https://pccheck-production.up.railway.app → OK
2026-06-11 21:09:19 [INFO] Ping https://pccheck-production.up.railway.app → OK
2026-06-11 21:09:50 [INFO] Ping https://pccheck-production.up.railway.app → OK
2026-06-11 21:10:21 [INFO] Ping https://pccheck-production.up.railway.app → OK
2026-06-11 21:10:52 [INFO] Ping https://pccheck-production.up.railway.app → OK
2026-06-11 21:11:23 [INFO] Ping https://pccheck-production.up.railway.app → OK
2026-06-11 21:11:53 [INFO] Ping https://pccheck-production.up.railway.app → OK
2026-06-11 21:12:24 [INFO] Ping https://pccheck-production.up.railway.app → OK
2026-06-11 21:12:55 [INFO] Ping https://pccheck-production.up.railway.app → OK
2026-06-11 21:13:26 [INFO] Ping https://pccheck-production.up.railway.app → OK
2026-06-11 21:13:57 [INFO] Ping https://pccheck-production.up.railway.app → OK
2026-06-11 21:14:28 [INFO] Ping https://pccheck-production.up.railway.app → OK
2026-06-11 21:14:59 [INFO] Ping https://pccheck-production.up.railway.app → OK
2026-06-11 21:15:30 [INFO] Ping https://pccheck-production.up.railway.app → OK
2026-06-11 21:16:00 [INFO] Ping https://pccheck-production.up.railway.app → OK
2026-06-11 21:16:31 [INFO] Ping https://pccheck-production.up.railway.app → OK
2026-06-11 21:17:02 [INFO] Ping https://pccheck-production.up.railway.app → OK
2026-06-11 21:17:33 [INFO] Ping https://pccheck-production.up.railway.app → OK
2026-06-11 21:18:04 [INFO] Ping https://pccheck-production.up.railway.app → OK
2026-06-11 21:18:35 [INFO] Ping https://pccheck-production.up.railway.app → OK
2026-06-11 21:19:06 [INFO] Ping https://pccheck-production.up.railway.app → OK
2026-06-11 21:19:36 [INFO] Ping https://pccheck-production.up.railway.app → OK
2026-06-11 21:20:07 [INFO] Ping https://pccheck-production.up.railway.app → OK
2026-06-11 21:20:38 [INFO] Ping https://pccheck-production.up.railway.app → OK
2026-06-11 21:21:09 [INFO] Ping https://pccheck-production.up.railway.app → OK
2026-06-11 21:21:39 [INFO] Ping https://pccheck-production.up.railway.app → OK
2026-06-11 21:22:10 [INFO] Ping https://pccheck-production.up.railway.app → OK
2026-06-11 21:22:41 [INFO] Ping https://pccheck-production.up.railway.app → OK
2026-06-11 21:23:12 [INFO] Ping https://pccheck-production.up.railway.app → OK
2026-06-11 21:23:43 [INFO] Ping https://pccheck-production.up.railway.app → OK
2026-06-11 21:24:14 [INFO] Ping https://pccheck-production.up.railway.app → OK
2026-06-11 21:24:45 [INFO] Ping https://pccheck-production.up.railway.app → OK
2026-06-11 21:25:16 [INFO] Ping https://pccheck-production.up.railway.app → OK
2026-06-11 21:25:47 [INFO] Ping https://pccheck-production.up.railway.app → OK
2026-06-11 21:26:17 [INFO] Ping https://pccheck-production.up.railway.app → OK
2026-06-11 21:26:48 [INFO] Ping https://pccheck-production.up.railway.app → OK
2026-06-11 21:27:19 [INFO] Ping https://pccheck-production.up.railway.app → OK
2026-06-11 21:27:50 [INFO] Ping https://pccheck-production.up.railway.app → OK
2026-06-11 21:28:21 [INFO] Ping https://pccheck-production.up.railway.app → OK
2026-06-11 21:28:52 [INFO] Ping https://pccheck-production.up.railway.app → OK
2026-06-11 21:29:23 [INFO] Ping https://pccheck-production.up.railway.app → OK
2026-06-11 21:29:54 [INFO] Ping https://pccheck-production.up.railway.app → OK
2026-06-11 21:30:24 [INFO] Ping https://pccheck-production.up.railway.app → OK
2026-06-11 21:30:55 [INFO] Ping https://pccheck-production.up.railway.app → OK
2026-06-11 21:31:26 [INFO] Ping https://pccheck-production.up.railway.app → OK
2026-06-11 21:31:57 [INFO] Ping https://pccheck-production.up.railway.app → OK
2026-06-11 21:36:07 [INFO] Ping https://pccheck-production.up.railway.app → OK
2026-06-11 21:36:38 [INFO] Ping https://pccheck-production.up.railway.app → OK
2026-06-11 21:37:09 [INFO] Ping https://pccheck-production.up.railway.app → OK
2026-06-11 21:37:40 [INFO] Ping https://pccheck-production.up.railway.app → OK
2026-06-11 21:38:10 [INFO] Ping https://pccheck-production.up.railway.app → OK
2026-06-11 21:38:41 [INFO] Ping https://pccheck-production.up.railway.app → OK
2026-06-11 21:39:12 [INFO] Ping https://pccheck-production.up.railway.app → OK
2026-06-11 21:39:43 [INFO] Ping https://pccheck-production.up.railway.app → OK
2026-06-11 21:40:14 [INFO] Ping https://pccheck-production.up.railway.app → OK
2026-06-11 21:40:45 [INFO] Ping https://pccheck-production.up.railway.app → OK
2026-06-11 21:41:16 [INFO] Ping https://pccheck-production.up.railway.app → OK
2026-06-11 21:41:46 [INFO] Ping https://pccheck-production.up.railway.app → OK
2026-06-11 21:42:17 [INFO] Ping https://pccheck-production.up.railway.app → OK
2026-06-11 21:42:48 [INFO] Ping https://pccheck-production.up.railway.app → OK
2026-06-11 22:59:12 [INFO] Ping https://pccheck-production.up.railway.app → OK
2026-06-11 22:59:42 [INFO] Ping https://pccheck-production.up.railway.app → OK
2026-06-11 23:00:14 [INFO] Ping https://pccheck-production.up.railway.app → OK
